<?xml version="1.0" encoding="UTF-8"?>
<!-- Generated by org.testng.reporters.JUnitReportReporter -->
<testsuite hostname="ndmlnb215" failures="0" tests="2" name="Surepay_TestPage_Test.Surepay_TestPage_Test" time="76.909" errors="0" timestamp="2025-07-24T18:59:19 IST" skipped="0">
  <testcase classname="Surepay_TestPage_Test.Surepay_TestPage_Test" name="TC_01" time="38.738"/>
  <system-out/>
  <testcase classname="Surepay_TestPage_Test.Surepay_TestPage_Test" name="TC_01" time="38.171"/>
  <system-out/>
</testsuite> <!-- Surepay_TestPage_Test.Surepay_TestPage_Test -->
