<?xml version="1.0" encoding="UTF-8"?>
<!-- Generated by org.testng.reporters.JUnitReportReporter -->
<testsuite hostname="ndmlnb215" failures="0" tests="1" name="TestNGPack.RestAssuredProgs" time="0.010" errors="0" timestamp="2025-07-08T15:41:00 IST" skipped="0">
  <testcase classname="TestNGPack.RestAssuredProgs" name="TC1" time="0.010"/>
  <system-out/>
</testsuite> <!-- TestNGPack.RestAssuredProgs -->
