<?xml version="1.0" encoding="UTF-8"?>
<!-- Generated by org.testng.reporters.JUnitReportReporter -->
<testsuite hostname="ndmlnb215" failures="0" tests="2" name="Surepay_TestPage_Test.Surepay_TestPage_Test" time="78.625" errors="0" timestamp="2025-07-29T17:46:14 IST" skipped="0">
  <testcase classname="Surepay_TestPage_Test.Surepay_TestPage_Test" name="TC_01" time="39.736"/>
  <system-out/>
  <testcase classname="Surepay_TestPage_Test.Surepay_TestPage_Test" name="TC_01" time="38.889"/>
  <system-out/>
</testsuite> <!-- Surepay_TestPage_Test.Surepay_TestPage_Test -->
