<?xml version="1.0" encoding="UTF-8"?>
<!-- Generated by org.testng.reporters.JUnitReportReporter -->
<testsuite hostname="ndmlnb215" failures="0" tests="4" name="TestNGPack.NewTest" time="0.011" errors="0" timestamp="2025-06-23T18:30:55 IST" skipped="0">
  <testcase classname="TestNGPack.NewTest" name="compose" time="0.007"/>
  <system-out/>
  <testcase classname="TestNGPack.NewTest" name="signin" time="0.001"/>
  <system-out/>
  <testcase classname="TestNGPack.NewTest" name="logout" time="0.001"/>
  <system-out/>
  <testcase classname="TestNGPack.NewTest" name="inbox" time="0.002"/>
  <system-out/>
</testsuite> <!-- TestNGPack.NewTest -->
